<?xml version="1.0" encoding="UTF-8"?>
<testsuite xmlns:xsi="http://www.w3.org/2001/XMLSchema-instance" xsi:noNamespaceSchemaLocation="https://maven.apache.org/surefire/maven-surefire-plugin/xsd/surefire-test-report-3.0.xsd" version="3.0" name="org.acme.camel.IntegracaoTransportadoraDoisTest" time="0.015" tests="1" errors="1" skipped="0" failures="0">
  <properties>
    <property name="sun.desktop" value="windows"/>
    <property name="awt.toolkit" value="sun.awt.windows.WToolkit"/>
    <property name="java.specification.version" value="11"/>
    <property name="sun.cpu.isalist" value="amd64"/>
    <property name="sun.jnu.encoding" value="Cp1252"/>
    <property name="java.class.path" value="C:\Users\wagner.roque\Documents\projetoSantander\integracao-camel\target\test-classes;C:\Users\wagner.roque\Documents\projetoSantander\integracao-camel\target\classes;C:\Users\wagner.roque\.m2\repository\org\apache\camel\camel-core-engine\3.20.0\camel-core-engine-3.20.0.jar;C:\Users\wagner.roque\.m2\repository\org\apache\camel\camel-api\3.20.0\camel-api-3.20.0.jar;C:\Users\wagner.roque\.m2\repository\jakarta\xml\bind\jakarta.xml.bind-api\2.3.3\jakarta.xml.bind-api-2.3.3.jar;C:\Users\wagner.roque\.m2\repository\jakarta\activation\jakarta.activation-api\1.2.2\jakarta.activation-api-1.2.2.jar;C:\Users\wagner.roque\.m2\repository\org\apache\camel\camel-base-engine\3.20.0\camel-base-engine-3.20.0.jar;C:\Users\wagner.roque\.m2\repository\org\apache\camel\camel-core-reifier\3.20.0\camel-core-reifier-3.20.0.jar;C:\Users\wagner.roque\.m2\repository\org\apache\camel\camel-core-model\3.20.0\camel-core-model-3.20.0.jar;C:\Users\wagner.roque\.m2\repository\org\apache\camel\camel-core-processor\3.20.0\camel-core-processor-3.20.0.jar;C:\Users\wagner.roque\.m2\repository\org\apache\camel\camel-management-api\3.20.0\camel-management-api-3.20.0.jar;C:\Users\wagner.roque\.m2\repository\org\apache\camel\camel-support\3.20.0\camel-support-3.20.0.jar;C:\Users\wagner.roque\.m2\repository\org\apache\camel\camel-util\3.20.0\camel-util-3.20.0.jar;C:\Users\wagner.roque\.m2\repository\org\apache\camel\camel-main\3.20.0\camel-main-3.20.0.jar;C:\Users\wagner.roque\.m2\repository\org\apache\camel\camel-base\3.20.0\camel-base-3.20.0.jar;C:\Users\wagner.roque\.m2\repository\org\apache\camel\camel-core-languages\3.20.0\camel-core-languages-3.20.0.jar;C:\Users\wagner.roque\.m2\repository\org\apache\camel\camel-log\3.20.0\camel-log-3.20.0.jar;C:\Users\wagner.roque\.m2\repository\org\apache\logging\log4j\log4j-slf4j-impl\2.13.3\log4j-slf4j-impl-2.13.3.jar;C:\Users\wagner.roque\.m2\repository\org\slf4j\slf4j-api\1.7.25\slf4j-api-1.7.25.jar;C:\Users\wagner.roque\.m2\repository\org\apache\logging\log4j\log4j-api\2.13.3\log4j-api-2.13.3.jar;C:\Users\wagner.roque\.m2\repository\org\apache\logging\log4j\log4j-core\2.13.3\log4j-core-2.13.3.jar;C:\Users\wagner.roque\.m2\repository\org\apache\camel\camel-test-main-junit5\3.20.0\camel-test-main-junit5-3.20.0.jar;C:\Users\wagner.roque\.m2\repository\org\apache\camel\camel-test-junit5\3.20.0\camel-test-junit5-3.20.0.jar;C:\Users\wagner.roque\.m2\repository\org\apache\camel\camel-bean\3.20.0\camel-bean-3.20.0.jar;C:\Users\wagner.roque\.m2\repository\org\apache\camel\camel-browse\3.20.0\camel-browse-3.20.0.jar;C:\Users\wagner.roque\.m2\repository\org\apache\camel\camel-controlbus\3.20.0\camel-controlbus-3.20.0.jar;C:\Users\wagner.roque\.m2\repository\org\apache\camel\camel-dataformat\3.20.0\camel-dataformat-3.20.0.jar;C:\Users\wagner.roque\.m2\repository\org\apache\camel\camel-dataset\3.20.0\camel-dataset-3.20.0.jar;C:\Users\wagner.roque\.m2\repository\org\apache\camel\camel-directvm\3.20.0\camel-directvm-3.20.0.jar;C:\Users\wagner.roque\.m2\repository\org\apache\camel\camel-language\3.20.0\camel-language-3.20.0.jar;C:\Users\wagner.roque\.m2\repository\org\apache\camel\camel-mock\3.20.0\camel-mock-3.20.0.jar;C:\Users\wagner.roque\.m2\repository\org\apache\camel\camel-ref\3.20.0\camel-ref-3.20.0.jar;C:\Users\wagner.roque\.m2\repository\org\apache\camel\camel-rest\3.20.0\camel-rest-3.20.0.jar;C:\Users\wagner.roque\.m2\repository\org\apache\camel\camel-tooling-model\3.20.0\camel-tooling-model-3.20.0.jar;C:\Users\wagner.roque\.m2\repository\org\apache\camel\camel-util-json\3.20.0\camel-util-json-3.20.0.jar;C:\Users\wagner.roque\.m2\repository\org\apache\camel\camel-saga\3.20.0\camel-saga-3.20.0.jar;C:\Users\wagner.roque\.m2\repository\org\apache\camel\camel-scheduler\3.20.0\camel-scheduler-3.20.0.jar;C:\Users\wagner.roque\.m2\repository\org\apache\camel\camel-seda\3.20.0\camel-seda-3.20.0.jar;C:\Users\wagner.roque\.m2\repository\org\apache\camel\camel-stub\3.20.0\camel-stub-3.20.0.jar;C:\Users\wagner.roque\.m2\repository\org\apache\camel\camel-validator\3.20.0\camel-validator-3.20.0.jar;C:\Users\wagner.roque\.m2\repository\org\apache\camel\camel-vm\3.20.0\camel-vm-3.20.0.jar;C:\Users\wagner.roque\.m2\repository\org\apache\camel\camel-xslt\3.20.0\camel-xslt-3.20.0.jar;C:\Users\wagner.roque\.m2\repository\org\junit\jupiter\junit-jupiter-api\5.9.1\junit-jupiter-api-5.9.1.jar;C:\Users\wagner.roque\.m2\repository\org\opentest4j\opentest4j\1.2.0\opentest4j-1.2.0.jar;C:\Users\wagner.roque\.m2\repository\org\junit\platform\junit-platform-commons\1.9.1\junit-platform-commons-1.9.1.jar;C:\Users\wagner.roque\.m2\repository\org\apiguardian\apiguardian-api\1.1.2\apiguardian-api-1.1.2.jar;C:\Users\wagner.roque\.m2\repository\org\junit\jupiter\junit-jupiter-engine\5.9.1\junit-jupiter-engine-5.9.1.jar;C:\Users\wagner.roque\.m2\repository\org\junit\platform\junit-platform-engine\1.9.1\junit-platform-engine-1.9.1.jar;C:\Users\wagner.roque\.m2\repository\org\junit\jupiter\junit-jupiter-params\5.9.1\junit-jupiter-params-5.9.1.jar;C:\Users\wagner.roque\.m2\repository\org\apache\camel\camel-timer\3.20.0\camel-timer-3.20.0.jar;C:\Users\wagner.roque\.m2\repository\org\apache\camel\camel-kafka\3.20.0\camel-kafka-3.20.0.jar;C:\Users\wagner.roque\.m2\repository\org\apache\camel\camel-health\3.20.0\camel-health-3.20.0.jar;C:\Users\wagner.roque\.m2\repository\org\apache\kafka\kafka-clients\3.2.3\kafka-clients-3.2.3.jar;C:\Users\wagner.roque\.m2\repository\com\github\luben\zstd-jni\1.5.2-1\zstd-jni-1.5.2-1.jar;C:\Users\wagner.roque\.m2\repository\org\lz4\lz4-java\1.8.0\lz4-java-1.8.0.jar;C:\Users\wagner.roque\.m2\repository\org\xerial\snappy\snappy-java\1.1.8.4\snappy-java-1.1.8.4.jar;C:\Users\wagner.roque\.m2\repository\com\fasterxml\jackson\core\jackson-databind\2.14.1\jackson-databind-2.14.1.jar;C:\Users\wagner.roque\.m2\repository\com\fasterxml\jackson\core\jackson-annotations\2.14.1\jackson-annotations-2.14.1.jar;C:\Users\wagner.roque\.m2\repository\com\fasterxml\jackson\core\jackson-core\2.14.1\jackson-core-2.14.1.jar;C:\Users\wagner.roque\.m2\repository\org\apache\camel\camel-file\3.20.0\camel-file-3.20.0.jar;C:\Users\wagner.roque\.m2\repository\org\apache\camel\camel-cluster\3.20.0\camel-cluster-3.20.0.jar;C:\Users\wagner.roque\.m2\repository\org\apache\camel\camel-xpath\3.20.0\camel-xpath-3.20.0.jar;C:\Users\wagner.roque\.m2\repository\org\apache\camel\camel-xml-jaxp\3.20.0\camel-xml-jaxp-3.20.0.jar;C:\Users\wagner.roque\.m2\repository\org\apache\camel\camel-xml-io-util\3.20.0\camel-xml-io-util-3.20.0.jar;C:\Users\wagner.roque\.m2\repository\org\apache\camel\camel-http\4.0.0\camel-http-4.0.0.jar;C:\Users\wagner.roque\.m2\repository\org\apache\camel\camel-cloud\3.20.0\camel-cloud-3.20.0.jar;C:\Users\wagner.roque\.m2\repository\org\apache\camel\camel-http-common\3.20.0\camel-http-common-3.20.0.jar;C:\Users\wagner.roque\.m2\repository\org\apache\camel\camel-http-base\3.20.0\camel-http-base-3.20.0.jar;C:\Users\wagner.roque\.m2\repository\org\apache\camel\camel-attachments\3.20.0\camel-attachments-3.20.0.jar;C:\Users\wagner.roque\.m2\repository\com\sun\activation\javax.activation\1.2.0\javax.activation-1.2.0.jar;C:\Users\wagner.roque\.m2\repository\jakarta\servlet\jakarta.servlet-api\6.0.0\jakarta.servlet-api-6.0.0.jar;C:\Users\wagner.roque\.m2\repository\org\apache\httpcomponents\client5\httpclient5\5.2.1\httpclient5-5.2.1.jar;C:\Users\wagner.roque\.m2\repository\org\apache\httpcomponents\core5\httpcore5\5.2\httpcore5-5.2.jar;C:\Users\wagner.roque\.m2\repository\org\apache\httpcomponents\core5\httpcore5-h2\5.2\httpcore5-h2-5.2.jar;C:\Users\wagner.roque\.m2\repository\org\apache\camel\camel-direct\3.20.0\camel-direct-3.20.0.jar;"/>
    <property name="java.vm.vendor" value="Oracle Corporation"/>
    <property name="sun.arch.data.model" value="64"/>
    <property name="user.variant" value=""/>
    <property name="java.vendor.url" value="https://openjdk.java.net/"/>
    <property name="user.timezone" value="America/Sao_Paulo"/>
    <property name="java.vm.specification.version" value="11"/>
    <property name="os.name" value="Windows 10"/>
    <property name="sun.java.launcher" value="SUN_STANDARD"/>
    <property name="user.country" value="BR"/>
    <property name="sun.boot.library.path" value="C:\Program Files\Java\jdk-11.0.15.1\bin"/>
    <property name="sun.java.command" value="C:\Users\wagner.roque\AppData\Local\Temp\surefire12963066468704652577\surefirebooter4510898534487122859.jar C:\Users\wagner.roque\AppData\Local\Temp\surefire12963066468704652577 2023-09-12T19-03-52_610-jvmRun1 surefire14296491989760570041tmp surefire_01986534036938687170tmp"/>
    <property name="jdk.debug" value="release"/>
    <property name="surefire.test.class.path" value="C:\Users\wagner.roque\Documents\projetoSantander\integracao-camel\target\test-classes;C:\Users\wagner.roque\Documents\projetoSantander\integracao-camel\target\classes;C:\Users\wagner.roque\.m2\repository\org\apache\camel\camel-core-engine\3.20.0\camel-core-engine-3.20.0.jar;C:\Users\wagner.roque\.m2\repository\org\apache\camel\camel-api\3.20.0\camel-api-3.20.0.jar;C:\Users\wagner.roque\.m2\repository\jakarta\xml\bind\jakarta.xml.bind-api\2.3.3\jakarta.xml.bind-api-2.3.3.jar;C:\Users\wagner.roque\.m2\repository\jakarta\activation\jakarta.activation-api\1.2.2\jakarta.activation-api-1.2.2.jar;C:\Users\wagner.roque\.m2\repository\org\apache\camel\camel-base-engine\3.20.0\camel-base-engine-3.20.0.jar;C:\Users\wagner.roque\.m2\repository\org\apache\camel\camel-core-reifier\3.20.0\camel-core-reifier-3.20.0.jar;C:\Users\wagner.roque\.m2\repository\org\apache\camel\camel-core-model\3.20.0\camel-core-model-3.20.0.jar;C:\Users\wagner.roque\.m2\repository\org\apache\camel\camel-core-processor\3.20.0\camel-core-processor-3.20.0.jar;C:\Users\wagner.roque\.m2\repository\org\apache\camel\camel-management-api\3.20.0\camel-management-api-3.20.0.jar;C:\Users\wagner.roque\.m2\repository\org\apache\camel\camel-support\3.20.0\camel-support-3.20.0.jar;C:\Users\wagner.roque\.m2\repository\org\apache\camel\camel-util\3.20.0\camel-util-3.20.0.jar;C:\Users\wagner.roque\.m2\repository\org\apache\camel\camel-main\3.20.0\camel-main-3.20.0.jar;C:\Users\wagner.roque\.m2\repository\org\apache\camel\camel-base\3.20.0\camel-base-3.20.0.jar;C:\Users\wagner.roque\.m2\repository\org\apache\camel\camel-core-languages\3.20.0\camel-core-languages-3.20.0.jar;C:\Users\wagner.roque\.m2\repository\org\apache\camel\camel-log\3.20.0\camel-log-3.20.0.jar;C:\Users\wagner.roque\.m2\repository\org\apache\logging\log4j\log4j-slf4j-impl\2.13.3\log4j-slf4j-impl-2.13.3.jar;C:\Users\wagner.roque\.m2\repository\org\slf4j\slf4j-api\1.7.25\slf4j-api-1.7.25.jar;C:\Users\wagner.roque\.m2\repository\org\apache\logging\log4j\log4j-api\2.13.3\log4j-api-2.13.3.jar;C:\Users\wagner.roque\.m2\repository\org\apache\logging\log4j\log4j-core\2.13.3\log4j-core-2.13.3.jar;C:\Users\wagner.roque\.m2\repository\org\apache\camel\camel-test-main-junit5\3.20.0\camel-test-main-junit5-3.20.0.jar;C:\Users\wagner.roque\.m2\repository\org\apache\camel\camel-test-junit5\3.20.0\camel-test-junit5-3.20.0.jar;C:\Users\wagner.roque\.m2\repository\org\apache\camel\camel-bean\3.20.0\camel-bean-3.20.0.jar;C:\Users\wagner.roque\.m2\repository\org\apache\camel\camel-browse\3.20.0\camel-browse-3.20.0.jar;C:\Users\wagner.roque\.m2\repository\org\apache\camel\camel-controlbus\3.20.0\camel-controlbus-3.20.0.jar;C:\Users\wagner.roque\.m2\repository\org\apache\camel\camel-dataformat\3.20.0\camel-dataformat-3.20.0.jar;C:\Users\wagner.roque\.m2\repository\org\apache\camel\camel-dataset\3.20.0\camel-dataset-3.20.0.jar;C:\Users\wagner.roque\.m2\repository\org\apache\camel\camel-directvm\3.20.0\camel-directvm-3.20.0.jar;C:\Users\wagner.roque\.m2\repository\org\apache\camel\camel-language\3.20.0\camel-language-3.20.0.jar;C:\Users\wagner.roque\.m2\repository\org\apache\camel\camel-mock\3.20.0\camel-mock-3.20.0.jar;C:\Users\wagner.roque\.m2\repository\org\apache\camel\camel-ref\3.20.0\camel-ref-3.20.0.jar;C:\Users\wagner.roque\.m2\repository\org\apache\camel\camel-rest\3.20.0\camel-rest-3.20.0.jar;C:\Users\wagner.roque\.m2\repository\org\apache\camel\camel-tooling-model\3.20.0\camel-tooling-model-3.20.0.jar;C:\Users\wagner.roque\.m2\repository\org\apache\camel\camel-util-json\3.20.0\camel-util-json-3.20.0.jar;C:\Users\wagner.roque\.m2\repository\org\apache\camel\camel-saga\3.20.0\camel-saga-3.20.0.jar;C:\Users\wagner.roque\.m2\repository\org\apache\camel\camel-scheduler\3.20.0\camel-scheduler-3.20.0.jar;C:\Users\wagner.roque\.m2\repository\org\apache\camel\camel-seda\3.20.0\camel-seda-3.20.0.jar;C:\Users\wagner.roque\.m2\repository\org\apache\camel\camel-stub\3.20.0\camel-stub-3.20.0.jar;C:\Users\wagner.roque\.m2\repository\org\apache\camel\camel-validator\3.20.0\camel-validator-3.20.0.jar;C:\Users\wagner.roque\.m2\repository\org\apache\camel\camel-vm\3.20.0\camel-vm-3.20.0.jar;C:\Users\wagner.roque\.m2\repository\org\apache\camel\camel-xslt\3.20.0\camel-xslt-3.20.0.jar;C:\Users\wagner.roque\.m2\repository\org\junit\jupiter\junit-jupiter-api\5.9.1\junit-jupiter-api-5.9.1.jar;C:\Users\wagner.roque\.m2\repository\org\opentest4j\opentest4j\1.2.0\opentest4j-1.2.0.jar;C:\Users\wagner.roque\.m2\repository\org\junit\platform\junit-platform-commons\1.9.1\junit-platform-commons-1.9.1.jar;C:\Users\wagner.roque\.m2\repository\org\apiguardian\apiguardian-api\1.1.2\apiguardian-api-1.1.2.jar;C:\Users\wagner.roque\.m2\repository\org\junit\jupiter\junit-jupiter-engine\5.9.1\junit-jupiter-engine-5.9.1.jar;C:\Users\wagner.roque\.m2\repository\org\junit\platform\junit-platform-engine\1.9.1\junit-platform-engine-1.9.1.jar;C:\Users\wagner.roque\.m2\repository\org\junit\jupiter\junit-jupiter-params\5.9.1\junit-jupiter-params-5.9.1.jar;C:\Users\wagner.roque\.m2\repository\org\apache\camel\camel-timer\3.20.0\camel-timer-3.20.0.jar;C:\Users\wagner.roque\.m2\repository\org\apache\camel\camel-kafka\3.20.0\camel-kafka-3.20.0.jar;C:\Users\wagner.roque\.m2\repository\org\apache\camel\camel-health\3.20.0\camel-health-3.20.0.jar;C:\Users\wagner.roque\.m2\repository\org\apache\kafka\kafka-clients\3.2.3\kafka-clients-3.2.3.jar;C:\Users\wagner.roque\.m2\repository\com\github\luben\zstd-jni\1.5.2-1\zstd-jni-1.5.2-1.jar;C:\Users\wagner.roque\.m2\repository\org\lz4\lz4-java\1.8.0\lz4-java-1.8.0.jar;C:\Users\wagner.roque\.m2\repository\org\xerial\snappy\snappy-java\1.1.8.4\snappy-java-1.1.8.4.jar;C:\Users\wagner.roque\.m2\repository\com\fasterxml\jackson\core\jackson-databind\2.14.1\jackson-databind-2.14.1.jar;C:\Users\wagner.roque\.m2\repository\com\fasterxml\jackson\core\jackson-annotations\2.14.1\jackson-annotations-2.14.1.jar;C:\Users\wagner.roque\.m2\repository\com\fasterxml\jackson\core\jackson-core\2.14.1\jackson-core-2.14.1.jar;C:\Users\wagner.roque\.m2\repository\org\apache\camel\camel-file\3.20.0\camel-file-3.20.0.jar;C:\Users\wagner.roque\.m2\repository\org\apache\camel\camel-cluster\3.20.0\camel-cluster-3.20.0.jar;C:\Users\wagner.roque\.m2\repository\org\apache\camel\camel-xpath\3.20.0\camel-xpath-3.20.0.jar;C:\Users\wagner.roque\.m2\repository\org\apache\camel\camel-xml-jaxp\3.20.0\camel-xml-jaxp-3.20.0.jar;C:\Users\wagner.roque\.m2\repository\org\apache\camel\camel-xml-io-util\3.20.0\camel-xml-io-util-3.20.0.jar;C:\Users\wagner.roque\.m2\repository\org\apache\camel\camel-http\4.0.0\camel-http-4.0.0.jar;C:\Users\wagner.roque\.m2\repository\org\apache\camel\camel-cloud\3.20.0\camel-cloud-3.20.0.jar;C:\Users\wagner.roque\.m2\repository\org\apache\camel\camel-http-common\3.20.0\camel-http-common-3.20.0.jar;C:\Users\wagner.roque\.m2\repository\org\apache\camel\camel-http-base\3.20.0\camel-http-base-3.20.0.jar;C:\Users\wagner.roque\.m2\repository\org\apache\camel\camel-attachments\3.20.0\camel-attachments-3.20.0.jar;C:\Users\wagner.roque\.m2\repository\com\sun\activation\javax.activation\1.2.0\javax.activation-1.2.0.jar;C:\Users\wagner.roque\.m2\repository\jakarta\servlet\jakarta.servlet-api\6.0.0\jakarta.servlet-api-6.0.0.jar;C:\Users\wagner.roque\.m2\repository\org\apache\httpcomponents\client5\httpclient5\5.2.1\httpclient5-5.2.1.jar;C:\Users\wagner.roque\.m2\repository\org\apache\httpcomponents\core5\httpcore5\5.2\httpcore5-5.2.jar;C:\Users\wagner.roque\.m2\repository\org\apache\httpcomponents\core5\httpcore5-h2\5.2\httpcore5-h2-5.2.jar;C:\Users\wagner.roque\.m2\repository\org\apache\camel\camel-direct\3.20.0\camel-direct-3.20.0.jar;"/>
    <property name="sun.cpu.endian" value="little"/>
    <property name="user.home" value="C:\Users\wagner.roque"/>
    <property name="user.language" value="pt"/>
    <property name="java.specification.vendor" value="Oracle Corporation"/>
    <property name="java.version.date" value="2022-04-22"/>
    <property name="java.home" value="C:\Program Files\Java\jdk-11.0.15.1"/>
    <property name="file.separator" value="\"/>
    <property name="basedir" value="C:\Users\wagner.roque\Documents\projetoSantander\integracao-camel"/>
    <property name="java.vm.compressedOopsMode" value="32-bit"/>
    <property name="line.separator" value="&#10;"/>
    <property name="java.specification.name" value="Java Platform API Specification"/>
    <property name="java.vm.specification.vendor" value="Oracle Corporation"/>
    <property name="java.awt.graphicsenv" value="sun.awt.Win32GraphicsEnvironment"/>
    <property name="surefire.real.class.path" value="C:\Users\wagner.roque\AppData\Local\Temp\surefire12963066468704652577\surefirebooter4510898534487122859.jar"/>
    <property name="user.script" value=""/>
    <property name="sun.management.compiler" value="HotSpot 64-Bit Tiered Compilers"/>
    <property name="java.runtime.version" value="11.0.15.1+2-LTS-10"/>
    <property name="user.name" value="wagner.roque"/>
    <property name="path.separator" value=";"/>
    <property name="os.version" value="10.0"/>
    <property name="java.runtime.name" value="Java(TM) SE Runtime Environment"/>
    <property name="file.encoding" value="Cp1252"/>
    <property name="java.vm.name" value="Java HotSpot(TM) 64-Bit Server VM"/>
    <property name="java.vendor.version" value="18.9"/>
    <property name="localRepository" value="C:\Users\wagner.roque\.m2\repository"/>
    <property name="java.vendor.url.bug" value="https://bugreport.java.com/bugreport/"/>
    <property name="java.io.tmpdir" value="C:\Users\WAGNER~1.ROQ\AppData\Local\Temp\"/>
    <property name="idea.version" value="2023.2.1"/>
    <property name="java.version" value="11.0.15.1"/>
    <property name="user.dir" value="C:\Users\wagner.roque\Documents\projetoSantander\integracao-camel"/>
    <property name="os.arch" value="amd64"/>
    <property name="java.vm.specification.name" value="Java Virtual Machine Specification"/>
    <property name="java.awt.printerjob" value="sun.awt.windows.WPrinterJob"/>
    <property name="sun.os.patch.level" value=""/>
    <property name="java.library.path" value="C:\Program Files\Java\jdk-11.0.15.1\bin;C:\Windows\Sun\Java\bin;C:\Windows\system32;C:\Windows;C:\Program Files\Java\jdk-11.0.15.1\bin;C:\Program Files\Common Files\Oracle\Java\javapath;C:\Program Files\AdoptOpenJDK\jdk-11.0.11.9-hotspot\bin;C:\Program Files (x86)\Common Files\Oracle\Java\javapath;C:\Windows\system32;C:\Windows;C:\Windows\System32\Wbem;C:\Windows\System32\WindowsPowerShell\v1.0\;C:\Windows\System32\OpenSSH\;C:\Program Files\PuTTY\;C:\Program Files\Git\cmd;C:\Program Files\nodejs\;C:\Program Files\MySQL\MySQL Server 5.7\bin;C:\Program Files\Docker\Docker\resources\bin;C:\ProgramData\DockerDesktop\version-bin;C:\Program Files\Java\jdk-11.0.15.1\bin;C:\apache-maven-3.6.3-bin\apache-maven-3.6.3\bin\bin;C:\Program Files\Java\jdk-11.0.11_windows-x64_bin\jdk-11.0.11\bin;C:\Users\wagner.roque\AppData\Local\Microsoft\WindowsApps;C:\apache-maven-3.6.3-bin\apache-maven-3.6.3\bin;C:\Users\wagner.roque\AppData\Local\Programs\Microsoft VS Code\bin;C:\selenium-drivers;C:\Users\wagner.roque\AppData\Roaming\npm;C:\Program Files\PostgreSQL\13\bin;C:\Program Files\heroku\binC:\Users\wagner.roque\kafka-3.4.0-src\apache-zookeeper-3.8.1\bin;;."/>
    <property name="java.vendor" value="Oracle Corporation"/>
    <property name="java.vm.info" value="mixed mode"/>
    <property name="java.vm.version" value="11.0.15.1+2-LTS-10"/>
    <property name="sun.io.unicode.encoding" value="UnicodeLittle"/>
    <property name="java.class.version" value="55.0"/>
  </properties>
  <testcase name="shouldSendToCorrectIntegration" classname="org.acme.camel.IntegracaoTransportadoraDoisTest" time="0.011">
    <error type="org.apache.camel.RuntimeCamelException"><![CDATA[org.apache.camel.RuntimeCamelException: java.lang.RuntimeException: Error initializing CamelContext
Caused by: java.lang.RuntimeException: Error initializing CamelContext
Caused by: org.apache.camel.RuntimeCamelException: java.lang.ClassNotFoundException: org.apache.camel.component.http.HttpConvertersLoader
Caused by: java.lang.ClassNotFoundException: org.apache.camel.component.http.HttpConvertersLoader
]]></error>
  </testcase>
</testsuite>